<?xml version="1.0" encoding="UTF-8"?>
<!-- Generated by org.testng.reporters.JUnitReportReporter -->
<testsuite skipped="0" hostname="DESKTOP-B4Q7PII" name="com.bookit.tests.HRRestAPI_GSON" tests="1" failures="0" timestamp="18 Dec 2018 20:04:45 GMT" time="1.869" errors="0">
  <testcase name="warmUpTestSecondWay" time="1.869" classname="com.bookit.tests.HRRestAPI_GSON"/>
</testsuite> <!-- com.bookit.tests.HRRestAPI_GSON -->
