<?xml version="1.0" encoding="UTF-8"?>
<!-- Generated by org.testng.reporters.JUnitReportReporter -->
<testsuite skipped="0" hostname="DESKTOP-B4Q7PII" name="com.bookit.tests.HRRestAPIJSONPath" tests="1" failures="0" timestamp="18 Dec 2018 16:35:34 GMT" time="0.973" errors="0">
  <testcase name="readJSONFromFile" time="0.973" classname="com.bookit.tests.HRRestAPIJSONPath"/>
</testsuite> <!-- com.bookit.tests.HRRestAPIJSONPath -->
